2015/11/12 17:29:18 e:\trunk\logic\base\call_out.lua 1440592912124224100
2015/11/12 17:29:18 e:\trunk\logic\base\class.lua 1434108278598574800
2015/11/12 17:29:18 e:\trunk\logic\base\core.lua 1430184168493415600
2015/11/12 17:29:18 e:\trunk\logic\base\debugInfo.lua 1435828450374565900
2015/11/12 17:29:18 e:\trunk\logic\base\dump.lua 1430184168477815600
2015/11/12 17:29:18 e:\trunk\logic\base\extend.lua 1442282193765658200
2015/11/12 17:29:18 e:\trunk\logic\base\gc.lua 1430184168493415600
2015/11/12 17:29:18 e:\trunk\logic\base\global.lua 1447148729933622800
2015/11/12 17:29:18 e:\trunk\logic\base\heart_beat.lua 1430184168509015600
2015/11/12 17:29:18 e:\trunk\logic\base\import.lua 1430184168493415600
2015/11/12 17:29:18 e:\trunk\logic\base\json.lua 1430184168493415600
2015/11/12 17:29:18 e:\trunk\logic\base\keylog.lua 1439344833016403100
2015/11/12 17:29:18 e:\trunk\logic\base\ldb.lua 1434026146565529100
2015/11/12 17:29:18 e:\trunk\logic\base\linecache.lua 1430184168493415600
2015/11/12 17:29:18 e:\trunk\logic\base\log.lua 1439533504681836600
2015/11/12 17:29:18 e:\trunk\logic\base\lunit.lua 1430184168493415600
2015/11/12 17:29:18 e:\trunk\logic\base\macros.lua 1436257230257489500
2015/11/12 17:29:18 e:\trunk\logic\base\preload.lua 1444812331085322200
2015/11/12 17:29:18 e:\trunk\logic\base\profiler.lua 1434362783071164700
2015/11/12 17:29:18 e:\trunk\logic\base\protocol.lua 1430184168477815600
2015/11/12 17:29:18 e:\trunk\logic\base\rpc.lua 1431952544755149800
2015/11/12 17:29:18 e:\trunk\logic\base\syncpto.lua 1430184168477815600
2015/11/12 17:29:18 e:\trunk\logic\base\traceback.lua 1430184168493415600
2015/11/12 17:29:18 e:\trunk\logic\base\util.lua 1436343283869631700
2015/11/12 17:29:18 e:\trunk\logic\cmd\RsCov.lua 1430184168368615400
2015/11/12 17:29:18 e:\trunk\logic\cmd\cmdlib\act_cmd.lua 1446449636693514900
2015/11/12 17:29:18 e:\trunk\logic\cmd\cmdlib\arena_cmd.lua 1442483118353573700
2015/11/12 17:29:18 e:\trunk\logic\cmd\cmdlib\base_cmd.lua 1444888546332448300
2015/11/12 17:29:18 e:\trunk\logic\cmd\cmdlib\buy_cmd.lua 1430184168353015400
2015/11/12 17:29:18 e:\trunk\logic\cmd\cmdlib\combat_cmd.lua 1444733435019683400
2015/11/12 17:29:18 e:\trunk\logic\cmd\cmdlib\debug_cmd.lua 1440731727130788000
2015/11/12 17:29:18 e:\trunk\logic\cmd\cmdlib\enchant_cmd.lua 1437190229923576900
2015/11/12 17:29:18 e:\trunk\logic\cmd\cmdlib\expedition_cmd.lua 1445570865922086300
2015/11/12 17:29:18 e:\trunk\logic\cmd\cmdlib\family_cmd.lua 1440592912061824000
2015/11/12 17:29:18 e:\trunk\logic\cmd\cmdlib\fcm_cmd.lua 1430184168353015400
2015/11/12 17:29:18 e:\trunk\logic\cmd\cmdlib\fighting_cmd.lua 1430286921310966000
2015/11/12 17:29:18 e:\trunk\logic\cmd\cmdlib\home_cmd.lua 1446880999636152300
2015/11/12 17:29:18 e:\trunk\logic\cmd\cmdlib\item_cmd.lua 1440071056616139300
2015/11/12 17:29:18 e:\trunk\logic\cmd\cmdlib\loot_cmd.lua 1434418680867245000
2015/11/12 17:29:18 e:\trunk\logic\cmd\cmdlib\lottery_cmd.lua 1433749749553622900
2015/11/12 17:29:18 e:\trunk\logic\cmd\cmdlib\message_cmd.lua 1430876473582622400
2015/11/12 17:29:18 e:\trunk\logic\cmd\cmdlib\monthsign_cmd.lua 1430184168353015400
2015/11/12 17:29:18 e:\trunk\logic\cmd\cmdlib\mount_mgr.lua 1437355492405781100
2015/11/12 17:29:18 e:\trunk\logic\cmd\cmdlib\newbie_cmd.lua 1440731727161988000
2015/11/12 17:29:18 e:\trunk\logic\cmd\cmdlib\pet_cmd.lua 1444959505226263200
2015/11/12 17:29:18 e:\trunk\logic\cmd\cmdlib\polis_cmd.lua 1439774912503210400
2015/11/12 17:29:18 e:\trunk\logic\cmd\cmdlib\scene_cmd.lua 1442407482608810300
2015/11/12 17:29:18 e:\trunk\logic\cmd\cmdlib\task_cmd.lua 1437355492421381100
2015/11/12 17:29:18 e:\trunk\logic\cmd\cmdlib\title_cmd.lua 1439516718752891100
2015/11/12 17:29:18 e:\trunk\logic\cmd\cmdlib\toplist_cmd.lua 1442397639338319300
2015/11/12 17:29:18 e:\trunk\logic\cmd\cmdlib\user_cmd.lua 1441446893003143600
2015/11/12 17:29:18 e:\trunk\logic\cmd\cmdlib\vip_cmd.lua 1441159076288109900
2015/11/12 17:29:18 e:\trunk\logic\cmd\cmdlib\worldboss_cmd.lua 1445476621314357900
2015/11/12 17:29:18 e:\trunk\logic\cmd\cmdlib\worldlevel_cmd.lua 1444902195633254500
2015/11/12 17:29:18 e:\trunk\logic\cmd\conntest.lua 1430184168368615400
2015/11/12 17:29:18 e:\trunk\logic\cmd\wizcmd.lua 1447148729894620600
2015/11/12 17:29:18 e:\trunk\logic\comm_lib\zmq_extend.lua 1436318769335380900
2015/11/12 17:29:18 e:\trunk\logic\daemon\load_info.lua 1430184168384215400
2015/11/12 17:29:18 e:\trunk\logic\daemon\shellcmd.lua 1438696134954171200
2015/11/12 17:29:18 e:\trunk\logic\dbserver\db_service.lua 1434167224551406200
2015/11/12 17:29:18 e:\trunk\logic\dbserver\main.lua 1440731727395988500
2015/11/12 17:29:18 e:\trunk\logic\dbserver\save.lua 1435051711756281100
2015/11/12 17:29:18 e:\trunk\logic\etc\cmdconf\cmd_1.lua 1430184168711816000
2015/11/12 17:29:18 e:\trunk\logic\etc\cmdconf\groups.lua 1430184168711816000
2015/11/12 17:29:18 e:\trunk\logic\etc\cmdconf\user_1.lua 1441177545560995900
2015/11/12 17:29:18 e:\trunk\logic\etc\shellcmd\regcmd.lua 1430184168727416000
2015/11/12 17:29:18 e:\trunk\logic\etc\version.lua 1430184168711816000
2015/11/12 17:29:18 e:\trunk\logic\fortest\clearobj.lua 1430184168165815000
2015/11/12 17:29:18 e:\trunk\logic\fortest\func.lua 1430184168165815000
2015/11/12 17:29:18 e:\trunk\logic\fortest\queryfamily.lua 1446011589612500200
2015/11/12 17:29:18 e:\trunk\logic\fortest\statrole.lua 1437190229861176800
2015/11/12 17:29:18 e:\trunk\logic\fortest\weekrace.lua 1442540658862611800
2015/11/12 17:29:18 e:\trunk\logic\logserver\main.lua 1437790203492328000
2015/11/12 17:29:18 e:\trunk\logic\manager\allai.lua 1430184168571415700
2015/11/12 17:29:18 e:\trunk\logic\manager\allcombat.lua 1443533231959075000
2015/11/12 17:29:18 e:\trunk\logic\manager\allhome.lua 1430184168571415700
2015/11/12 17:29:18 e:\trunk\logic\manager\allinstance.lua 1430184168587015800
2015/11/12 17:29:18 e:\trunk\logic\manager\allitem.lua 1430184168571415700
2015/11/12 17:29:18 e:\trunk\logic\manager\allmount.lua 1430184168571415700
2015/11/12 17:29:18 e:\trunk\logic\manager\allnpc.lua 1430184168571415700
2015/11/12 17:29:18 e:\trunk\logic\manager\allobject.lua 1430184168571415700
2015/11/12 17:29:18 e:\trunk\logic\manager\allscene.lua 1438425853383065800
2015/11/12 17:29:18 e:\trunk\logic\manager\allsetting.lua 1446116629823378900
2015/11/12 17:29:18 e:\trunk\logic\manager\alltrigger.lua 1430184168587015800
2015/11/12 17:29:18 e:\trunk\logic\manager\alluser.lua 1444363011048577900
2015/11/12 17:29:18 e:\trunk\logic\manager\combat_factory.lua 1447148729997626500
2015/11/12 17:29:18 e:\trunk\logic\manager\db_config.lua 1444729461254000400
2015/11/12 17:29:18 e:\trunk\logic\manager\idmng.lua 1444448651484379100
2015/11/12 17:29:18 e:\trunk\logic\manager\item_factory.lua 1438916414088965900
2015/11/12 17:29:18 e:\trunk\logic\manager\npc_factory.lua 1446449492811285300
2015/11/12 17:29:18 e:\trunk\logic\manager\obj_database.lua 1440731727349188400
2015/11/12 17:29:18 e:\trunk\logic\manager\pet_factory.lua 1430184168571415700
2015/11/12 17:29:18 e:\trunk\logic\manager\scene_factory.lua 1438696135016571300
2015/11/12 17:29:18 e:\trunk\logic\manager\trigger_factory.lua 1433388997178741400
2015/11/12 17:29:18 e:\trunk\logic\manager\user_factory.lua 1430184168571415700
2015/11/12 17:29:18 e:\trunk\logic\master\act\master_actmgr.lua 1447148729859618600
2015/11/12 17:29:18 e:\trunk\logic\master\instance\master_teaminst.lua 1446011589680504100
2015/11/12 17:29:18 e:\trunk\logic\master\instance\master_teaminst_mgr.lua 1446011589682504200
2015/11/12 17:29:18 e:\trunk\logic\master\master_allinfo.lua 1443058358594481400
2015/11/12 17:29:18 e:\trunk\logic\master\master_arenamgr.lua 1442539064986023800
2015/11/12 17:29:18 e:\trunk\logic\master\master_banmgr.lua 1439429247705658500
2015/11/12 17:29:18 e:\trunk\logic\master\master_chat.lua 1443491809309923300
2015/11/12 17:29:18 e:\trunk\logic\master\master_combat.lua 1430184168228215100
2015/11/12 17:29:18 e:\trunk\logic\master\master_db.lua 1430184168181415100
2015/11/12 17:29:18 e:\trunk\logic\master\master_dc.lua 1440160979648469100
2015/11/12 17:29:18 e:\trunk\logic\master\master_expedition.lua 1445580331578158300
2015/11/12 17:29:18 e:\trunk\logic\master\master_fighting.lua 1430711669054335100
2015/11/12 17:29:18 e:\trunk\logic\master\master_friendmgr.lua 1442369676351667300
2015/11/12 17:29:18 e:\trunk\logic\master\master_homemgr.lua 1446449492520268700
2015/11/12 17:29:18 e:\trunk\logic\master\master_instancemgr.lua 1443519222795034900
2015/11/12 17:29:18 e:\trunk\logic\master\master_item.lua 1430184168212615100
2015/11/12 17:29:18 e:\trunk\logic\master\master_linescenemgr.lua 1430184168243815200
2015/11/12 17:29:18 e:\trunk\logic\master\master_lootmgr.lua 1436863682805035900
2015/11/12 17:29:18 e:\trunk\logic\master\master_message.lua 1438249206166800900
2015/11/12 17:29:18 e:\trunk\logic\master\master_minigame.lua 1440599521795141600
2015/11/12 17:29:18 e:\trunk\logic\master\master_monitor.lua 1441589716054914400
2015/11/12 17:29:18 e:\trunk\logic\master\master_offlinedata.lua 1430184168259415200
2015/11/12 17:29:18 e:\trunk\logic\master\master_parseenter.lua 1446449492524268900
2015/11/12 17:29:18 e:\trunk\logic\master\master_pay.lua 1444719503439446000
2015/11/12 17:29:18 e:\trunk\logic\master\master_preopen.lua 1430184168228215100
2015/11/12 17:29:18 e:\trunk\logic\master\master_scenemgr.lua 1443533231903071800
2015/11/12 17:29:18 e:\trunk\logic\master\master_server_reward.lua 1433316762493161700
2015/11/12 17:29:18 e:\trunk\logic\master\master_toplist.lua 1443533231901071700
2015/11/12 17:29:18 e:\trunk\logic\master\master_user.lua 1437355491968980300
2015/11/12 17:29:18 e:\trunk\logic\master\polis\master_polis.lua 1443533231743063200
2015/11/12 17:29:18 e:\trunk\logic\master\polis\polis.lua 1445939668045430400
2015/11/12 17:29:18 e:\trunk\logic\master\polis\polis_palace.lua 1430184168197015100
2015/11/12 17:29:18 e:\trunk\logic\master\polis\polis_tech.lua 1439258637967925400
2015/11/12 17:29:18 e:\trunk\logic\master\polis\polis_temple.lua 1439258637970925600
2015/11/12 17:29:18 e:\trunk\logic\master\polis\polis_tree.lua 1442884560410688700
2015/11/12 17:29:18 e:\trunk\logic\master\polis\polis_user.lua 1430184168197015100
2015/11/12 17:29:18 e:\trunk\logic\master\role\master_rolemgr.lua 1443058358594481400
2015/11/12 17:29:18 e:\trunk\logic\master\role\master_rolenamed.lua 1437790203367527700
2015/11/12 17:29:18 e:\trunk\logic\module\achieve\achieve_mgr.lua 1438685946532708500
2015/11/12 17:29:18 e:\trunk\logic\module\act\act_common.lua 1443505408317240500
2015/11/12 17:29:18 e:\trunk\logic\module\act\act_func.lua 1446880999443141200
2015/11/12 17:29:18 e:\trunk\logic\module\act\act_guide.lua 1446880999450141600
2015/11/12 17:29:18 e:\trunk\logic\module\act\act_mgr.lua 1446880999452141800
2015/11/12 17:29:18 e:\trunk\logic\module\act\actinst.lua 1437526968644324600
2015/11/12 17:29:18 e:\trunk\logic\module\act\actinstbattle.lua 1437526968644324600
2015/11/12 17:29:18 e:\trunk\logic\module\act\acttimetips.lua 1446773450441208400
2015/11/12 17:29:18 e:\trunk\logic\module\act\allact\act_tourshop.lua 1446880999280131900
2015/11/12 17:29:18 e:\trunk\logic\module\act\allact\cardexchange\cardexchange.lua 1442282192439655800
2015/11/12 17:29:18 e:\trunk\logic\module\act\allact\charge\basecharge_obj.lua 1444740375177661400
2015/11/12 17:29:18 e:\trunk\logic\module\act\allact\charge\charge_mgr.lua 1445584500895048600
2015/11/12 17:29:18 e:\trunk\logic\module\act\allact\charge\gold_house_obj.lua 1446449491972237300
2015/11/12 17:29:18 e:\trunk\logic\module\act\allact\charge\loopcharge_obj.lua 1438654259733795500
2015/11/12 17:29:18 e:\trunk\logic\module\act\allact\charge\rebate_act.lua 1445570865617068900
2015/11/12 17:29:18 e:\trunk\logic\module\act\allact\charge\rebate_obj.lua 1445570865618069000
2015/11/12 17:29:18 e:\trunk\logic\module\act\allact\charge\rich_act.lua 1446449491975237500
2015/11/12 17:29:18 e:\trunk\logic\module\act\allact\charge\sevencharge_obj.lua 1440242764936434800
2015/11/12 17:29:18 e:\trunk\logic\module\act\allact\charge\singlecharge_act.lua 1445570865615068800
2015/11/12 17:29:18 e:\trunk\logic\module\act\allact\charge\singlecharge_obj.lua 1445570865616068800
2015/11/12 17:29:18 e:\trunk\logic\module\act\allact\charge\sumcharge_obj.lua 1438568045441226300
2015/11/12 17:29:18 e:\trunk\logic\module\act\allact\comm_putin.lua 1430184167744614300
2015/11/12 17:29:18 e:\trunk\logic\module\act\allact\crystalbattle\battlefield.lua 1444267152611856200
2015/11/12 17:29:18 e:\trunk\logic\module\act\allact\crystalbattle\crystalbattle_act.lua 1444267194872330400
2015/11/12 17:29:18 e:\trunk\logic\module\act\allact\dominion\dominion_act.lua 1444982731956299400
2015/11/12 17:29:18 e:\trunk\logic\module\act\allact\familywar\familyfield.lua 1441798312243491700
2015/11/12 17:29:18 e:\trunk\logic\module\act\allact\familywar\familywar.lua 1446449751907104700
2015/11/12 17:29:18 e:\trunk\logic\module\act\allact\fighting\stat.lua 1441597332176217700
2015/11/12 17:29:18 e:\trunk\logic\module\act\allact\goddess\race.lua 1442540658550611200
2015/11/12 17:29:18 e:\trunk\logic\module\act\allact\herotrial\herotrial.lua 1443058357689679800
2015/11/12 17:29:18 e:\trunk\logic\module\act\allact\herotrial\herotrial_yunying.lua 1444729461045988500
2015/11/12 17:29:18 e:\trunk\logic\module\act\allact\homeact\defense.lua 1430184167682214200
2015/11/12 17:29:18 e:\trunk\logic\module\act\allact\homeact\party.lua 1430184167682214200
2015/11/12 17:29:18 e:\trunk\logic\module\act\allact\newserver\ns_dayrank.lua 1445939667686629700
2015/11/12 17:29:18 e:\trunk\logic\module\act\allact\newserver\ns_dayrank_act.lua 1445939667655429700
2015/11/12 17:29:18 e:\trunk\logic\module\act\allact\newserver\onlineAward.lua 1438588413832036500
2015/11/12 17:29:18 e:\trunk\logic\module\act\allact\petrace\petrace_act.lua 1443491806657918600
2015/11/12 17:29:18 e:\trunk\logic\module\act\allact\rotarytable\rotary.lua 1446015750945514800
2015/11/12 17:29:18 e:\trunk\logic\module\act\allact\weekrace\point.lua 1446773450276198900
2015/11/12 17:29:18 e:\trunk\logic\module\act\allact\weekrace\rank.lua 1442483117386372000
2015/11/12 17:29:18 e:\trunk\logic\module\act\allact\worldboss\worldboss.lua 1443058357954880300
2015/11/12 17:29:18 e:\trunk\logic\module\act\baseact.lua 1446880999446141400
2015/11/12 17:29:18 e:\trunk\logic\module\act\baseactinst.lua 1443058358064080500
2015/11/12 17:29:18 e:\trunk\logic\module\act\basesignup.lua 1430184167822614400
2015/11/12 17:29:18 e:\trunk\logic\module\act\cross_act.lua 1444720602603314600
2015/11/12 17:29:18 e:\trunk\logic\module\act\pto_act.lua 1446023204671102100
2015/11/12 17:29:18 e:\trunk\logic\module\action_analysis_mgr.lua 1431910902399169500
2015/11/12 17:29:18 e:\trunk\logic\module\allapi.lua 1436497219528379900
2015/11/12 17:29:18 e:\trunk\logic\module\announcement_mgr.lua 1430184167323413600
2015/11/12 17:29:18 e:\trunk\logic\module\arena\arena_mgr.lua 1438770299708223800
2015/11/12 17:29:18 e:\trunk\logic\module\autobroadcast.lua 1446773450635219500
2015/11/12 17:29:18 e:\trunk\logic\module\buff\buff.lua 1443165779203334400
2015/11/12 17:29:18 e:\trunk\logic\module\buff\buffapi.lua 1440724364306009400
2015/11/12 17:29:18 e:\trunk\logic\module\buff\buffmgr.lua 1445476620861957100
2015/11/12 17:29:18 e:\trunk\logic\module\buff\herobuff.lua 1438756970151531400
2015/11/12 17:29:18 e:\trunk\logic\module\card\basecard.lua 1439258636231860200
2015/11/12 17:29:18 e:\trunk\logic\module\card\card_mgr.lua 1441614242739153600
2015/11/12 17:29:18 e:\trunk\logic\module\card\weekcard.lua 1439258636233860300
2015/11/12 17:29:18 e:\trunk\logic\module\chat.lua 1443491807718720500
2015/11/12 17:29:18 e:\trunk\logic\module\cheat_mgr.lua 1435594473660297000
2015/11/12 17:29:18 e:\trunk\logic\module\combat\combat.lua 1446003785767145800
2015/11/12 17:29:18 e:\trunk\logic\module\combat\combat_team.lua 1442407482119782300
2015/11/12 17:29:18 e:\trunk\logic\module\combat\combatscene_api.lua 1432186516501365500
2015/11/12 17:29:18 e:\trunk\logic\module\combat\controller.lua 1443491808295921500
2015/11/12 17:29:18 e:\trunk\logic\module\combat\fighter.lua 1446003785771146000
2015/11/12 17:29:18 e:\trunk\logic\module\combat\fighter_friend.lua 1441177545313981800
2015/11/12 17:29:18 e:\trunk\logic\module\combat\fighter_monster.lua 1441177545314981900
2015/11/12 17:29:18 e:\trunk\logic\module\combat\fighter_pet.lua 1443165779062934200
2015/11/12 17:29:18 e:\trunk\logic\module\combat\fighter_user.lua 1447148729170579200
2015/11/12 17:29:18 e:\trunk\logic\module\combat\reward\reward.lua 1446449491784226600
2015/11/12 17:29:18 e:\trunk\logic\module\combat\reward\rewardmgr.lua 1439258636800883800
2015/11/12 17:29:18 e:\trunk\logic\module\combat\skill.lua 1445841940502300700
2015/11/12 17:29:18 e:\trunk\logic\module\combat\skillapi.lua 1445939667530629500
2015/11/12 17:29:18 e:\trunk\logic\module\combat\skillmgr.lua 1446003785761145400
2015/11/12 17:29:18 e:\trunk\logic\module\combat\video\video.lua 1440988927542928100
2015/11/12 17:29:18 e:\trunk\logic\module\combat\video\videomgr.lua 1434351740772409100
2015/11/12 17:29:18 e:\trunk\logic\module\combat\video\videoplay.lua 1436232417990265300
2015/11/12 17:29:18 e:\trunk\logic\module\comm_rule.lua 1430184167417013700
2015/11/12 17:29:18 e:\trunk\logic\module\correction_data.lua 1433316761723117700
2015/11/12 17:29:18 e:\trunk\logic\module\counter\counter_mgr.lua 1447148728170522000
2015/11/12 17:29:18 e:\trunk\logic\module\cross_svr\cross_base_module.lua 1441538407740456000
2015/11/12 17:29:18 e:\trunk\logic\module\cross_svr\cross_chat_agent.lua 1444734599818638900
2015/11/12 17:29:18 e:\trunk\logic\module\cross_svr\cross_combat.lua 1446449492041241300
2015/11/12 17:29:18 e:\trunk\logic\module\cross_svr\cross_dest_mgr.lua 1445335416288012900
2015/11/12 17:29:18 e:\trunk\logic\module\cross_svr\cross_func.lua 1430184167947414600
2015/11/12 17:29:18 e:\trunk\logic\module\cross_svr\cross_goddess.lua 1441538407756056000
2015/11/12 17:29:18 e:\trunk\logic\module\cross_svr\cross_module\cross_crystalbattle.lua 1441768564577780600
2015/11/12 17:29:18 e:\trunk\logic\module\cross_svr\cross_module\cross_familywar.lua 1446097348685055200
2015/11/12 17:29:18 e:\trunk\logic\module\cross_svr\cross_module\cross_teaminst.lua 1443519222654634700
2015/11/12 17:29:18 e:\trunk\logic\module\cross_svr\cross_module\cross_toplist.lua 1442798736594684700
2015/11/12 17:29:18 e:\trunk\logic\module\cross_svr\cross_rpc.lua 1430184167978614700
2015/11/12 17:29:18 e:\trunk\logic\module\cross_svr\cross_src_mgr.lua 1444828817452500000
2015/11/12 17:29:18 e:\trunk\logic\module\cross_svr\cross_weekrace.lua 1441538407771656000
2015/11/12 17:29:18 e:\trunk\logic\module\dolist\dolist_mgr.lua 1447244197887735200
2015/11/12 17:29:18 e:\trunk\logic\module\drama\drama_mgr.lua 1430184167448213800
2015/11/12 17:29:18 e:\trunk\logic\module\expedition_mgr.lua 1445593203264795700
2015/11/12 17:29:18 e:\trunk\logic\module\faceicon\faceicon_mgr.lua 1445572448836623900
2015/11/12 17:29:18 e:\trunk\logic\module\family\act\family_actmgr.lua 1440440930762857800
2015/11/12 17:29:18 e:\trunk\logic\module\family\act\family_baseact.lua 1440440930762857800
2015/11/12 17:29:18 e:\trunk\logic\module\family\act\family_boss.lua 1445570865712074300
2015/11/12 17:29:18 e:\trunk\logic\module\family\family.lua 1445580536519719700
2015/11/12 17:29:18 e:\trunk\logic\module\fcm_mgr.lua 1440147587634982700
2015/11/12 17:29:18 e:\trunk\logic\module\fighting\fighting_mgr.lua 1443517314912371400
2015/11/12 17:29:18 e:\trunk\logic\module\filter.lua 1430184167510613900
2015/11/12 17:29:18 e:\trunk\logic\module\fixdata_mgr.lua 1430184168119015000
2015/11/12 17:29:18 e:\trunk\logic\module\funcopen\funcopen_mgr.lua 1445476620690356800
2015/11/12 17:29:18 e:\trunk\logic\module\global_callout.lua 1430184167417013700
2015/11/12 17:29:18 e:\trunk\logic\module\home\activity\defensehome\homedefense.lua 1441521985068315700
2015/11/12 17:29:18 e:\trunk\logic\module\home\activity\homeact_mgr.lua 1444715949168029700
2015/11/12 17:29:18 e:\trunk\logic\module\home\activity\homeactbase.lua 1444622743133880500
2015/11/12 17:29:18 e:\trunk\logic\module\home\activity\party\doopet.lua 1430184167370213600
2015/11/12 17:29:18 e:\trunk\logic\module\home\activity\party\morra.lua 1430184167370213600
2015/11/12 17:29:18 e:\trunk\logic\module\home\activity\party\party.lua 1444622743024680300
2015/11/12 17:29:18 e:\trunk\logic\module\home\activity\party\question.lua 1445476619489154700
2015/11/12 17:29:18 e:\trunk\logic\module\home\activity\party\wine.lua 1430184167370213600
2015/11/12 17:29:18 e:\trunk\logic\module\home\basehomeitem.lua 1445939667109428700
2015/11/12 17:29:18 e:\trunk\logic\module\home\bobi.lua 1445586056967050800
2015/11/12 17:29:18 e:\trunk\logic\module\home\home.lua 1446773450119190000
2015/11/12 17:29:18 e:\trunk\logic\module\home\home_action.lua 1446773450105189200
2015/11/12 17:29:18 e:\trunk\logic\module\home\home_mgr.lua 1446449491190192600
2015/11/12 17:29:18 e:\trunk\logic\module\home\homeitem_board.lua 1430184167401413700
2015/11/12 17:29:18 e:\trunk\logic\module\home\homeitem_furniture.lua 1430184167370213600
2015/11/12 17:29:18 e:\trunk\logic\module\home\homeitem_hotspring.lua 1447244197849733100
2015/11/12 17:29:18 e:\trunk\logic\module\home\homeitem_mine.lua 1447212549293496700
2015/11/12 17:29:18 e:\trunk\logic\module\home\homeitem_school.lua 1445570865319051900
2015/11/12 17:29:18 e:\trunk\logic\module\home\homeitem_train.lua 1445939667140628800
2015/11/12 17:29:18 e:\trunk\logic\module\home\homeitem_unactive.lua 1431159746541541300
2015/11/12 17:29:18 e:\trunk\logic\module\home\homepet_mgr.lua 1446116628604309200
2015/11/12 17:29:18 e:\trunk\logic\module\home\item_smelt.lua 1435713388267981700
2015/11/12 17:29:18 e:\trunk\logic\module\home\pet.lua 1446773450108189300
2015/11/12 17:29:18 e:\trunk\logic\module\home\school_mgr.lua 1446880999183126400
2015/11/12 17:29:18 e:\trunk\logic\module\host.lua 1430184167463813800
2015/11/12 17:29:18 e:\trunk\logic\module\http.lua 1440242764905234700
2015/11/12 17:29:18 e:\trunk\logic\module\instance\checkpoints_mgr.lua 1446449491584215100
2015/11/12 17:29:18 e:\trunk\logic\module\instance\endlessbattle_mgr.lua 1445570865364054400
2015/11/12 17:29:18 e:\trunk\logic\module\instance\instance.lua 1445476620612356700
2015/11/12 17:29:18 e:\trunk\logic\module\instance\instance_mgr.lua 1445476620627956700
2015/11/12 17:29:18 e:\trunk\logic\module\instance\team_inst\team_instmgr.lua 1447148729117576100
2015/11/12 17:29:18 e:\trunk\logic\module\instance\team_inst\team_instobj.lua 1447148729121576400
2015/11/12 17:29:18 e:\trunk\logic\module\instance\treasuremap_mgr.lua 1446515313848794500
2015/11/12 17:29:18 e:\trunk\logic\module\intonate\intonate_mgr.lua 1437893487222010700
2015/11/12 17:29:18 e:\trunk\logic\module\item\autouse.lua 1446449491270197200
2015/11/12 17:29:18 e:\trunk\logic\module\item\equipcollect_helper.lua 1445218548896947400
2015/11/12 17:29:18 e:\trunk\logic\module\item\frame.lua 1444982731677283400
2015/11/12 17:29:18 e:\trunk\logic\module\item\item_mgr.lua 1444719503137428700
2015/11/12 17:29:18 e:\trunk\logic\module\linescene_mgr.lua 1443532557336414400
2015/11/12 17:29:18 e:\trunk\logic\module\lock_mgr.lua 1430184168134615000
2015/11/12 17:29:18 e:\trunk\logic\module\login\login.lua 1443058356691278100
2015/11/12 17:29:18 e:\trunk\logic\module\login\login_platform.lua 1446116628743317100
2015/11/12 17:29:18 e:\trunk\logic\module\login\login_user.lua 1443058356691278100
2015/11/12 17:29:18 e:\trunk\logic\module\loot\loot.lua 1440378968651532200
2015/11/12 17:29:18 e:\trunk\logic\module\loot\lootmgr.lua 1442282192642456200
2015/11/12 17:29:18 e:\trunk\logic\module\manufacture\enchant_mgr.lua 1441159076132109600
2015/11/12 17:29:18 e:\trunk\logic\module\manufacture\equip_hecheng.lua 1434541136541436400
2015/11/12 17:29:18 e:\trunk\logic\module\manufacture\equipmanufacture_mgr.lua 1446773450713223900
2015/11/12 17:29:18 e:\trunk\logic\module\message\comm_msg.lua 1430184167339013600
2015/11/12 17:29:18 e:\trunk\logic\module\message\message_mgr.lua 1438159828160318700
2015/11/12 17:29:18 e:\trunk\logic\module\message\messages.lua 1438249205926796100
2015/11/12 17:29:18 e:\trunk\logic\module\minigame\dragonbead_mgr.lua 1441012610009309500
2015/11/12 17:29:18 e:\trunk\logic\module\minimap_obj_mgr.lua 1430184168119015000
2015/11/12 17:29:18 e:\trunk\logic\module\mount\mount_mgr.lua 1447148728344531900
2015/11/12 17:29:18 e:\trunk\logic\module\newbie\newbie.lua 1434351741303439500
2015/11/12 17:29:18 e:\trunk\logic\module\newbie\newbie_guide.lua 1444902195477254300
2015/11/12 17:29:18 e:\trunk\logic\module\obj_shapecache.lua 1431092572335732000
2015/11/12 17:29:18 e:\trunk\logic\module\offlinedata_mgr.lua 1445824107613684000
2015/11/12 17:29:18 e:\trunk\logic\module\patrol\patrol_mgr.lua 1442384138451292400
2015/11/12 17:29:18 e:\trunk\logic\module\pet\pet_brand.lua 1443165779218934500
2015/11/12 17:29:18 e:\trunk\logic\module\pet\petbreak.lua 1446773450638219600
2015/11/12 17:29:18 e:\trunk\logic\module\pet\petmgr.lua 1447148729832617000
2015/11/12 17:29:18 e:\trunk\logic\module\platform\pf_vipreward.lua 1440600523330967500
2015/11/12 17:29:18 e:\trunk\logic\module\platform\yy_zizuan.lua 1439859421334254300
2015/11/12 17:29:18 e:\trunk\logic\module\platform_info.lua 1441589715430913300
2015/11/12 17:29:18 e:\trunk\logic\module\polis\polis.lua 1444959505101463000
2015/11/12 17:29:18 e:\trunk\logic\module\polis\polis_mgr.lua 1442884559973887900
2015/11/12 17:29:18 e:\trunk\logic\module\polis\polis_singletech.lua 1439344832735602600
2015/11/12 17:29:18 e:\trunk\logic\module\polis\task\polis_task.lua 1447148729792614800
2015/11/12 17:29:18 e:\trunk\logic\module\polis\task\polis_taskmgr.lua 1441682931287899700
2015/11/12 17:29:18 e:\trunk\logic\module\reward\cdkey_mgr.lua 1442483117667172500
2015/11/12 17:29:18 e:\trunk\logic\module\reward\goddoor_mgr.lua 1443058358188880700
2015/11/12 17:29:18 e:\trunk\logic\module\reward\income_recover.lua 1439886343884940700
2015/11/12 17:29:18 e:\trunk\logic\module\reward\reward_mgr.lua 1446601774450924600
2015/11/12 17:29:18 e:\trunk\logic\module\rsync_client.lua 1430184167448213800
2015/11/12 17:29:18 e:\trunk\logic\module\selfenv.lua 1430184167947414600
2015/11/12 17:29:18 e:\trunk\logic\module\shop\BaseShopObj.lua 1447244197961739500
2015/11/12 17:29:18 e:\trunk\logic\module\shop\GodPalaceObj.lua 1447244197964739600
2015/11/12 17:29:18 e:\trunk\logic\module\shop\PolisShopObj.lua 1434694598663406600
2015/11/12 17:29:18 e:\trunk\logic\module\shop\PublicShopObj.lua 1446023204873902500
2015/11/12 17:29:18 e:\trunk\logic\module\shop\TourShop.lua 1447148728271527800
2015/11/12 17:29:18 e:\trunk\logic\module\shop\garbage_mgr.lua 1443058357034478700
2015/11/12 17:29:18 e:\trunk\logic\module\shop\magic_refine.lua 1440149695277300200
2015/11/12 17:29:18 e:\trunk\logic\module\shop\shop_mgr.lua 1446023204889502500
2015/11/12 17:29:18 e:\trunk\logic\module\sign\monthsign_mgr.lua 1437877099920574600
2015/11/12 17:29:18 e:\trunk\logic\module\sign\weeksign_mgr.lua 1440160979570469000
2015/11/12 17:29:18 e:\trunk\logic\module\stat_mgr.lua 1440592911983823900
2015/11/12 17:29:18 e:\trunk\logic\module\sync_masterinfo.lua 1439344832688802500
2015/11/12 17:29:18 e:\trunk\logic\module\sync_time.lua 1444823554730489500
2015/11/12 17:29:18 e:\trunk\logic\module\task\task.lua 1441424596561108600
2015/11/12 17:29:18 e:\trunk\logic\module\task\task_factory.lua 1439949956565812900
2015/11/12 17:29:18 e:\trunk\logic\module\task\task_func.lua 1447244197992741200
2015/11/12 17:29:18 e:\trunk\logic\module\task\task_menu.lua 1431566560777424200
2015/11/12 17:29:18 e:\trunk\logic\module\task\task_mgr.lua 1441159075570508600
2015/11/12 17:29:18 e:\trunk\logic\module\time.lua 1447148729789614600
2015/11/12 17:29:18 e:\trunk\logic\module\title\title.lua 1439258635527830000
2015/11/12 17:29:18 e:\trunk\logic\module\title\title_mgr.lua 1439516717317688600
2015/11/12 17:29:18 e:\trunk\logic\module\toclient.lua 1430184167495013900
2015/11/12 17:29:18 e:\trunk\logic\module\toplist\toplist_mgr.lua 1441022868210000000
2015/11/12 17:29:18 e:\trunk\logic\module\trigger\trigger_mgr.lua 1438916413848965500
2015/11/12 17:29:18 e:\trunk\logic\module\user_atr.lua 1447148729114576000
2015/11/12 17:29:18 e:\trunk\logic\module\user_customfunc.lua 1446449492378260500
2015/11/12 17:29:18 e:\trunk\logic\module\user_parseenter.lua 1439949956550212900
2015/11/12 17:29:18 e:\trunk\logic\module\user_parsepto.lua 1443058358142080600
2015/11/12 17:29:18 e:\trunk\logic\module\userstat_mgr.lua 1444720602410303500
2015/11/12 17:29:18 e:\trunk\logic\module\vip\vip_mgr.lua 1443491808841922500
2015/11/12 17:29:18 e:\trunk\logic\module\worldlevel_mgr.lua 1444982731672283100
2015/11/12 17:29:18 e:\trunk\logic\module\worldmap_mgr.lua 1431074400965402500
2015/11/12 17:29:18 e:\trunk\logic\monitorserver\chat_monitor.lua 1441589717022116100
2015/11/12 17:29:18 e:\trunk\logic\monitorserver\main.lua 1447148730126633900
2015/11/12 17:29:18 e:\trunk\logic\monitorserver\newrole_monitor.lua 1441589717022116100
2015/11/12 17:29:18 e:\trunk\logic\obj\ai\baseai.lua 1439258638706462300
2015/11/12 17:29:18 e:\trunk\logic\obj\ai\node.lua 1440612679879502400
2015/11/12 17:29:18 e:\trunk\logic\obj\ai\utils.lua 1430184168633815900
2015/11/12 17:29:18 e:\trunk\logic\obj\bits.lua 1430184168633815900
2015/11/12 17:29:18 e:\trunk\logic\obj\coreobj.lua 1440741059971943600
2015/11/12 17:29:18 e:\trunk\logic\obj\corescene.lua 1438425853465067200
2015/11/12 17:29:18 e:\trunk\logic\obj\item\commitem.lua 1441105951411526700
2015/11/12 17:29:18 e:\trunk\logic\obj\item\faceicon.lua 1430184168665015900
2015/11/12 17:29:18 e:\trunk\logic\obj\item\giftbox.lua 1443058359156082400
2015/11/12 17:29:18 e:\trunk\logic\obj\item\godequip.lua 1442407482774819800
2015/11/12 17:29:18 e:\trunk\logic\obj\item\homeitem.lua 1444715949370830100
2015/11/12 17:29:18 e:\trunk\logic\obj\item\intensifyitem.lua 1431305436824770500
2015/11/12 17:29:18 e:\trunk\logic\obj\item\mountitem.lua 1436596604541713300
2015/11/12 17:29:18 e:\trunk\logic\obj\item\petequip.lua 1444719503541451800
2015/11/12 17:29:18 e:\trunk\logic\obj\item\petsoul.lua 1437458584285843900
2015/11/12 17:29:18 e:\trunk\logic\obj\item\sourceitem.lua 1430184168665015900
2015/11/12 17:29:18 e:\trunk\logic\obj\item\talentequip.lua 1430184168680615900
2015/11/12 17:29:18 e:\trunk\logic\obj\item\titleitem.lua 1430184168665015900
2015/11/12 17:29:18 e:\trunk\logic\obj\item\treasuremap.lua 1441012610463313700
2015/11/12 17:29:18 e:\trunk\logic\obj\item\userequip.lua 1443517314993373800
2015/11/12 17:29:18 e:\trunk\logic\obj\item\vipcard.lua 1441105951411526700
2015/11/12 17:29:18 e:\trunk\logic\obj\item.lua 1445335417052414200
2015/11/12 17:29:18 e:\trunk\logic\obj\model.lua 1441868012083265300
2015/11/12 17:29:18 e:\trunk\logic\obj\mount.lua 1447148730060630100
2015/11/12 17:29:18 e:\trunk\logic\obj\npc\adventureroad.lua 1440728915311936100
2015/11/12 17:29:18 e:\trunk\logic\obj\npc\bobi.lua 1441446893189154200
2015/11/12 17:29:18 e:\trunk\logic\obj\npc\familyboss.lua 1440395883604278600
2015/11/12 17:29:18 e:\trunk\logic\obj\npc\monster.lua 1439258638614458700
2015/11/12 17:29:18 e:\trunk\logic\obj\npc\openinterface.lua 1438696135063371400
2015/11/12 17:29:18 e:\trunk\logic\obj\npc\petrace_npc.lua 1439258638611458500
2015/11/12 17:29:18 e:\trunk\logic\obj\npc\spawnpoint.lua 1439258638603458100
2015/11/12 17:29:18 e:\trunk\logic\obj\npc\teaminst_monster.lua 1443058359062482200
2015/11/12 17:29:18 e:\trunk\logic\obj\npc\test.lua 1430184168602615800
2015/11/12 17:29:18 e:\trunk\logic\obj\npc\treasure_monster.lua 1446116907162241800
2015/11/12 17:29:18 e:\trunk\logic\obj\npc\worldboss.lua 1430184168602615800
2015/11/12 17:29:18 e:\trunk\logic\obj\npc\yangchongtou.lua 1438929809140240000
2015/11/12 17:29:18 e:\trunk\logic\obj\npc.lua 1441614242848353800
2015/11/12 17:29:18 e:\trunk\logic\obj\pet.lua 1445335417052414200
2015/11/12 17:29:18 e:\trunk\logic\obj\recover.lua 1431092573656797000
2015/11/12 17:29:18 e:\trunk\logic\obj\sceneobj.lua 1439811185938934000
2015/11/12 17:29:18 e:\trunk\logic\obj\shadowscene.lua 1430184168633815900
2015/11/12 17:29:18 e:\trunk\logic\obj\skill.lua 1430184168696216000
2015/11/12 17:29:18 e:\trunk\logic\obj\trigger\trigger.lua 1439258638837465900
2015/11/12 17:29:18 e:\trunk\logic\obj\user.lua 1445583708231710800
2015/11/12 17:29:18 e:\trunk\logic\obj\userstatus.lua 1433576744078434300
2015/11/12 17:29:18 e:\trunk\logic\proto2as\proto2as.lua 1437790203539128000
2015/11/12 17:29:18 e:\trunk\logic\proto2cs\proto2cs.lua 1430184168743016000
2015/11/12 17:29:18 e:\trunk\logic\shell\merge\extend.lua 1446003785875152000
2015/11/12 17:29:18 e:\trunk\logic\shell\merge\func\cardexchange.lua 1442384139015310700
2015/11/12 17:29:18 e:\trunk\logic\shell\merge\func\checkpoint.lua 1442282193609657900
2015/11/12 17:29:18 e:\trunk\logic\shell\merge\func\familydata.lua 1445335416927614000
2015/11/12 17:29:18 e:\trunk\logic\shell\merge\func\friend.lua 1446449492745281500
2015/11/12 17:29:18 e:\trunk\logic\shell\merge\func\herotrial.lua 1445939668451031100
2015/11/12 17:29:18 e:\trunk\logic\shell\merge\func\polisdata.lua 1446016048571538100
2015/11/12 17:29:18 e:\trunk\logic\shell\merge\func\weekrace.lua 1445939668435431100
2015/11/12 17:29:18 e:\trunk\logic\shell\merge\func\worldboss.lua 1442286390841682700
2015/11/12 17:29:18 e:\trunk\logic\shell\merge\mergemain.lua 1446449492743281400
2015/11/12 17:29:18 e:\trunk\logic\shell\merge\save.lua 1441798126743043300
2015/11/12 17:29:18 e:\trunk\logic\sqlserver\boot_db.lua 1431092573160770300
2015/11/12 17:29:18 e:\trunk\logic\sqlserver\db_base.lua 1430184168150215000
2015/11/12 17:29:18 e:\trunk\logic\sqlserver\db_dragonbead.lua 1441012501155095200
2015/11/12 17:29:18 e:\trunk\logic\sqlserver\db_loot.lua 1436883418664918100
2015/11/12 17:29:18 e:\trunk\logic\sqlserver\db_server.lua 1437790203133527300
2015/11/12 17:29:18 e:\trunk\logic\sqlserver\db_toplist.lua 1441022868496010200
2015/11/12 17:29:18 e:\trunk\logic\sqlserver\file.lua 1430184168150215000
2015/11/12 17:29:18 e:\trunk\logic\sqlserver\logging.lua 1430184168150215000
2015/11/12 17:29:18 complete sending file: e:\trunk\logic\base\global.lua
2015/11/12 17:29:18 complete sending file: e:\trunk\logic\base\preload.lua
2015/11/12 17:29:18 complete sending file: e:\trunk\logic\cmd\cmdlib\arena_cmd.lua
2015/11/12 17:29:18 complete sending file: e:\trunk\logic\cmd\cmdlib\base_cmd.lua
2015/11/12 17:29:18 complete sending file: e:\trunk\logic\cmd\cmdlib\combat_cmd.lua
2015/11/12 17:29:18 complete sending file: e:\trunk\logic\cmd\cmdlib\expedition_cmd.lua
2015/11/12 17:29:18 complete sending file: e:\trunk\logic\cmd\cmdlib\home_cmd.lua
2015/11/12 17:29:18 complete sending file: e:\trunk\logic\cmd\cmdlib\pet_cmd.lua
2015/11/12 17:29:18 complete sending file: e:\trunk\logic\cmd\cmdlib\scene_cmd.lua
2015/11/12 17:29:18 complete sending file: e:\trunk\logic\cmd\cmdlib\worldboss_cmd.lua
2015/11/12 17:29:18 complete sending file: e:\trunk\logic\cmd\cmdlib\worldlevel_cmd.lua
2015/11/12 17:29:18 complete sending file: e:\trunk\logic\cmd\wizcmd.lua
2015/11/12 17:29:18 complete sending file: e:\trunk\logic\fortest\queryfamily.lua
2015/11/12 17:29:18 complete sending file: e:\trunk\logic\fortest\weekrace.lua
2015/11/12 17:29:18 complete sending file: e:\trunk\logic\manager\allcombat.lua
2015/11/12 17:29:18 complete sending file: e:\trunk\logic\manager\allsetting.lua
2015/11/12 17:29:18 complete sending file: e:\trunk\logic\manager\alluser.lua
2015/11/12 17:29:18 complete sending file: e:\trunk\logic\manager\combat_factory.lua
2015/11/12 17:29:18 complete sending file: e:\trunk\logic\manager\db_config.lua
2015/11/12 17:29:18 complete sending file: e:\trunk\logic\manager\idmng.lua
2015/11/12 17:29:18 complete sending file: e:\trunk\logic\manager\npc_factory.lua
2015/11/12 17:29:18 complete sending file: e:\trunk\logic\master\act\master_actmgr.lua
2015/11/12 17:29:18 complete sending file: e:\trunk\logic\master\instance\master_teaminst.lua
2015/11/12 17:29:18 complete sending file: e:\trunk\logic\master\instance\master_teaminst_mgr.lua
2015/11/12 17:29:18 complete sending file: e:\trunk\logic\master\master_allinfo.lua
2015/11/12 17:29:18 complete sending file: e:\trunk\logic\master\master_arenamgr.lua
2015/11/12 17:29:18 complete sending file: e:\trunk\logic\master\master_chat.lua
2015/11/12 17:29:18 complete sending file: e:\trunk\logic\master\master_expedition.lua
2015/11/12 17:29:18 complete sending file: e:\trunk\logic\master\master_homemgr.lua
2015/11/12 17:29:18 complete sending file: e:\trunk\logic\master\master_instancemgr.lua
2015/11/12 17:29:19 complete sending file: e:\trunk\logic\master\master_parseenter.lua
2015/11/12 17:29:19 complete sending file: e:\trunk\logic\master\master_pay.lua
2015/11/12 17:29:19 complete sending file: e:\trunk\logic\master\master_scenemgr.lua
2015/11/12 17:29:19 complete sending file: e:\trunk\logic\master\polis\master_polis.lua
2015/11/12 17:29:19 complete sending file: e:\trunk\logic\master\polis\polis.lua
2015/11/12 17:29:19 complete sending file: e:\trunk\logic\master\polis\polis_tree.lua
2015/11/12 17:29:19 complete sending file: e:\trunk\logic\module\act\act_common.lua
2015/11/12 17:29:19 complete sending file: e:\trunk\logic\module\act\act_func.lua
2015/11/12 17:29:19 complete sending file: e:\trunk\logic\module\act\act_guide.lua
2015/11/12 17:29:19 complete sending file: e:\trunk\logic\module\act\act_mgr.lua
2015/11/12 17:29:19 complete sending file: e:\trunk\logic\module\act\acttimetips.lua
2015/11/12 17:29:19 complete sending file: e:\trunk\logic\module\act\allact\act_tourshop.lua
2015/11/12 17:29:19 complete sending file: e:\trunk\logic\module\act\allact\charge\basecharge_obj.lua
2015/11/12 17:29:19 complete sending file: e:\trunk\logic\module\act\allact\charge\charge_mgr.lua
2015/11/12 17:29:19 complete sending file: e:\trunk\logic\module\act\allact\charge\gold_house_obj.lua
2015/11/12 17:29:19 complete sending file: e:\trunk\logic\module\act\allact\charge\rebate_act.lua
2015/11/12 17:29:19 complete sending file: e:\trunk\logic\module\act\allact\charge\rebate_obj.lua
2015/11/12 17:29:19 complete sending file: e:\trunk\logic\module\act\allact\charge\rich_act.lua
2015/11/12 17:29:19 complete sending file: e:\trunk\logic\module\act\allact\charge\singlecharge_act.lua
2015/11/12 17:29:19 complete sending file: e:\trunk\logic\module\act\allact\charge\singlecharge_obj.lua
2015/11/12 17:29:19 complete sending file: e:\trunk\logic\module\act\allact\crystalbattle\crystalbattle_act.lua
2015/11/12 17:29:19 complete sending file: e:\trunk\logic\module\act\allact\goddess\race.lua
2015/11/12 17:29:19 complete sending file: e:\trunk\logic\module\act\allact\herotrial\herotrial_yunying.lua
2015/11/12 17:29:19 complete sending file: e:\trunk\logic\module\act\allact\newserver\ns_dayrank.lua
2015/11/12 17:29:19 complete sending file: e:\trunk\logic\module\act\allact\newserver\ns_dayrank_act.lua
2015/11/12 17:29:19 complete sending file: e:\trunk\logic\module\act\allact\rotarytable\rotary.lua
2015/11/12 17:29:19 complete sending file: e:\trunk\logic\module\act\allact\weekrace\point.lua
2015/11/12 17:29:19 complete sending file: e:\trunk\logic\module\act\baseact.lua
2015/11/12 17:29:19 complete sending file: e:\trunk\logic\module\act\cross_act.lua
2015/11/12 17:29:19 complete sending file: e:\trunk\logic\module\act\pto_act.lua
2015/11/12 17:29:19 complete sending file: e:\trunk\logic\module\autobroadcast.lua
2015/11/12 17:29:19 complete sending file: e:\trunk\logic\module\buff\buff.lua
2015/11/12 17:29:19 complete sending file: e:\trunk\logic\module\buff\buffmgr.lua
2015/11/12 17:29:19 complete sending file: e:\trunk\logic\module\combat\combat.lua
2015/11/12 17:29:19 complete sending file: e:\trunk\logic\module\combat\combat_team.lua
2015/11/12 17:29:19 complete sending file: e:\trunk\logic\module\combat\controller.lua
2015/11/12 17:29:19 complete sending file: e:\trunk\logic\module\combat\fighter.lua
2015/11/12 17:29:19 complete sending file: e:\trunk\logic\module\combat\fighter_pet.lua
2015/11/12 17:29:19 complete sending file: e:\trunk\logic\module\combat\fighter_user.lua
2015/11/12 17:29:19 complete sending file: e:\trunk\logic\module\combat\reward\reward.lua
2015/11/12 17:29:19 complete sending file: e:\trunk\logic\module\combat\skill.lua
2015/11/12 17:29:19 complete sending file: e:\trunk\logic\module\combat\skillapi.lua
2015/11/12 17:29:19 complete sending file: e:\trunk\logic\module\combat\skillmgr.lua
2015/11/12 17:29:19 complete sending file: e:\trunk\logic\module\counter\counter_mgr.lua
2015/11/12 17:29:19 complete sending file: e:\trunk\logic\module\cross_svr\cross_combat.lua
2015/11/12 17:29:19 complete sending file: e:\trunk\logic\module\cross_svr\cross_dest_mgr.lua
2015/11/12 17:29:19 complete sending file: e:\trunk\logic\module\cross_svr\cross_module\cross_teaminst.lua
2015/11/12 17:29:19 complete sending file: e:\trunk\logic\module\dolist\dolist_mgr.lua
2015/11/12 17:29:19 complete sending file: e:\trunk\logic\module\expedition_mgr.lua
2015/11/12 17:29:19 complete sending file: e:\trunk\logic\module\faceicon\faceicon_mgr.lua
2015/11/12 17:29:19 complete sending file: e:\trunk\logic\module\family\act\family_boss.lua
2015/11/12 17:29:19 complete sending file: e:\trunk\logic\module\family\family.lua
2015/11/12 17:29:19 complete sending file: e:\trunk\logic\module\fighting\fighting_mgr.lua
2015/11/12 17:29:19 complete sending file: e:\trunk\logic\module\funcopen\funcopen_mgr.lua
2015/11/12 17:29:19 complete sending file: e:\trunk\logic\module\home\activity\homeact_mgr.lua
2015/11/12 17:29:19 complete sending file: e:\trunk\logic\module\home\activity\homeactbase.lua
2015/11/12 17:29:19 complete sending file: e:\trunk\logic\module\home\activity\party\party.lua
2015/11/12 17:29:19 complete sending file: e:\trunk\logic\module\home\activity\party\question.lua
2015/11/12 17:29:19 complete sending file: e:\trunk\logic\module\home\basehomeitem.lua
2015/11/12 17:29:19 complete sending file: e:\trunk\logic\module\home\bobi.lua
2015/11/12 17:29:19 complete sending file: e:\trunk\logic\module\home\home.lua
2015/11/12 17:29:19 complete sending file: e:\trunk\logic\module\home\home_action.lua
2015/11/12 17:29:19 complete sending file: e:\trunk\logic\module\home\home_mgr.lua
2015/11/12 17:29:19 complete sending file: e:\trunk\logic\module\home\homeitem_hotspring.lua
2015/11/12 17:29:19 complete sending file: e:\trunk\logic\module\home\homeitem_mine.lua
2015/11/12 17:29:19 complete sending file: e:\trunk\logic\module\home\homeitem_school.lua
2015/11/12 17:29:19 complete sending file: e:\trunk\logic\module\home\homeitem_train.lua
2015/11/12 17:29:19 complete sending file: e:\trunk\logic\module\home\homepet_mgr.lua
2015/11/12 17:29:19 complete sending file: e:\trunk\logic\module\home\pet.lua
2015/11/12 17:29:19 complete sending file: e:\trunk\logic\module\home\school_mgr.lua
2015/11/12 17:29:19 complete sending file: e:\trunk\logic\module\instance\checkpoints_mgr.lua
2015/11/12 17:29:19 complete sending file: e:\trunk\logic\module\instance\endlessbattle_mgr.lua
2015/11/12 17:29:19 complete sending file: e:\trunk\logic\module\instance\instance.lua
2015/11/12 17:29:19 complete sending file: e:\trunk\logic\module\instance\instance_mgr.lua
2015/11/12 17:29:19 complete sending file: e:\trunk\logic\module\instance\team_inst\team_instmgr.lua
2015/11/12 17:29:19 complete sending file: e:\trunk\logic\module\instance\team_inst\team_instobj.lua
2015/11/12 17:29:19 complete sending file: e:\trunk\logic\module\item\autouse.lua
2015/11/12 17:29:19 complete sending file: e:\trunk\logic\module\item\equipcollect_helper.lua
2015/11/12 17:29:19 complete sending file: e:\trunk\logic\module\item\frame.lua
2015/11/12 17:29:19 complete sending file: e:\trunk\logic\module\linescene_mgr.lua
2015/11/12 17:29:19 complete sending file: e:\trunk\logic\module\login\login_platform.lua
2015/11/12 17:29:19 complete sending file: e:\trunk\logic\module\manufacture\equipmanufacture_mgr.lua
2015/11/12 17:29:19 complete sending file: e:\trunk\logic\module\mount\mount_mgr.lua
2015/11/12 17:29:19 complete sending file: e:\trunk\logic\module\newbie\newbie_guide.lua
2015/11/12 17:29:19 complete sending file: e:\trunk\logic\module\offlinedata_mgr.lua
2015/11/12 17:29:19 complete sending file: e:\trunk\logic\module\patrol\patrol_mgr.lua
2015/11/12 17:29:19 complete sending file: e:\trunk\logic\module\pet\pet_brand.lua
2015/11/12 17:29:19 complete sending file: e:\trunk\logic\module\pet\petbreak.lua
2015/11/12 17:29:19 complete sending file: e:\trunk\logic\module\pet\petmgr.lua
2015/11/12 17:29:19 complete sending file: e:\trunk\logic\module\polis\polis.lua
2015/11/12 17:29:19 complete sending file: e:\trunk\logic\module\polis\polis_mgr.lua
2015/11/12 17:29:19 complete sending file: e:\trunk\logic\module\polis\task\polis_task.lua
2015/11/12 17:29:19 complete sending file: e:\trunk\logic\module\reward\goddoor_mgr.lua
2015/11/12 17:29:19 complete sending file: e:\trunk\logic\module\reward\reward_mgr.lua
2015/11/12 17:29:19 complete sending file: e:\trunk\logic\module\shop\BaseShopObj.lua
2015/11/12 17:29:19 complete sending file: e:\trunk\logic\module\shop\GodPalaceObj.lua
2015/11/12 17:29:19 complete sending file: e:\trunk\logic\module\shop\PublicShopObj.lua
2015/11/12 17:29:19 complete sending file: e:\trunk\logic\module\shop\TourShop.lua
2015/11/12 17:29:19 complete sending file: e:\trunk\logic\module\shop\garbage_mgr.lua
2015/11/12 17:29:19 complete sending file: e:\trunk\logic\module\shop\shop_mgr.lua
2015/11/12 17:29:19 complete sending file: e:\trunk\logic\module\sync_time.lua
2015/11/12 17:29:19 complete sending file: e:\trunk\logic\module\task\task_func.lua
2015/11/12 17:29:19 complete sending file: e:\trunk\logic\module\time.lua
2015/11/12 17:29:19 complete sending file: e:\trunk\logic\module\user_atr.lua
2015/11/12 17:29:19 complete sending file: e:\trunk\logic\module\user_customfunc.lua
2015/11/12 17:29:19 complete sending file: e:\trunk\logic\module\userstat_mgr.lua
2015/11/12 17:29:19 complete sending file: e:\trunk\logic\module\worldlevel_mgr.lua
2015/11/12 17:29:19 complete sending file: e:\trunk\logic\monitorserver\main.lua
2015/11/12 17:29:19 complete sending file: e:\trunk\logic\obj\item\giftbox.lua
2015/11/12 17:29:19 complete sending file: e:\trunk\logic\obj\item\godequip.lua
2015/11/12 17:29:19 complete sending file: e:\trunk\logic\obj\item\homeitem.lua
2015/11/12 17:29:19 complete sending file: e:\trunk\logic\obj\item\petequip.lua
2015/11/12 17:29:19 complete sending file: e:\trunk\logic\obj\item\userequip.lua
2015/11/12 17:29:19 complete sending file: e:\trunk\logic\obj\item.lua
2015/11/12 17:29:19 complete sending file: e:\trunk\logic\obj\mount.lua
2015/11/12 17:29:19 complete sending file: e:\trunk\logic\obj\npc\teaminst_monster.lua
2015/11/12 17:29:19 complete sending file: e:\trunk\logic\obj\pet.lua
2015/11/12 17:29:19 complete sending file: e:\trunk\logic\obj\user.lua
2015/11/12 17:29:19 complete sending file: e:\trunk\logic\shell\merge\func\friend.lua
2015/11/12 17:29:19 complete sending file: e:\trunk\logic\shell\merge\mergemain.lua
